[30-Jul-2019 08:02:05 Europe/Berlin] PHP Parse error:  syntax error, unexpected ')', expecting variable (T_VARIABLE) or '{' or '$' in /Users/zxm/www/TH/th/core/Router.php on line 110
[30-Jul-2019 08:02:09 Europe/Berlin] PHP Warning:  preg_match(): Unknown modifier 'c' in /Users/zxm/www/TH/th/core/Router.php on line 110
[30-Jul-2019 08:03:04 Europe/Berlin] PHP Warning:  preg_match(): Unknown modifier 'c' in /Users/zxm/www/TH/th/core/Router.php on line 109
[30-Jul-2019 08:16:00 Europe/Berlin] PHP Warning:  explode() expects parameter 2 to be string, array given in /Users/zxm/www/TH/th/core/Router.php on line 112
[30-Jul-2019 08:16:00 Europe/Berlin] PHP Warning:  array_filter() expects parameter 1 to be array, null given in /Users/zxm/www/TH/th/core/Router.php on line 112
[30-Jul-2019 09:20:44 Europe/Berlin] PHP Warning:  strstr(): needle is not a string or an integer in /Users/zxm/www/TH/th/core/Router.php on line 112
[30-Jul-2019 09:22:05 Europe/Berlin] PHP Warning:  strlen() expects parameter 1 to be string, array given in /Users/zxm/www/TH/th/core/Router.php on line 112
[30-Jul-2019 11:07:53 Europe/Berlin] PHP Warning:  var_dump() expects at least 1 parameter, 0 given in /Users/zxm/www/TH/th/core/App.php on line 36
[30-Jul-2019 11:15:49 Europe/Berlin] PHP Notice:  Array to string conversion in /Users/zxm/www/TH/th/core/App.php on line 47
[30-Jul-2019 11:15:49 Europe/Berlin] PHP Notice:  Undefined property: app\index\controller\Index::$Array in /Users/zxm/www/TH/th/core/App.php on line 47
[30-Jul-2019 11:15:49 Europe/Berlin] PHP Fatal error:  Uncaught Error: Function name must be a string in /Users/zxm/www/TH/th/core/App.php:47
Stack trace:
#0 /Users/zxm/www/TH/th/core/App.php(28): core\App::dispatch(Array)
#1 /Users/zxm/www/TH/th/start.php(15): core\App::run()
#2 /Users/zxm/www/TH/public/index.php(16): require('/Users/zxm/www/...')
#3 {main}
  thrown in /Users/zxm/www/TH/th/core/App.php on line 47
[30-Jul-2019 11:17:14 Europe/Berlin] PHP Notice:  Array to string conversion in /Users/zxm/www/TH/th/core/App.php on line 47
[30-Jul-2019 11:17:14 Europe/Berlin] PHP Notice:  Undefined property: app\index\controller\Index::$Array in /Users/zxm/www/TH/th/core/App.php on line 47
[30-Jul-2019 11:17:14 Europe/Berlin] PHP Fatal error:  Uncaught Error: Function name must be a string in /Users/zxm/www/TH/th/core/App.php:47
Stack trace:
#0 /Users/zxm/www/TH/th/core/App.php(28): core\App::dispatch(Array)
#1 /Users/zxm/www/TH/th/start.php(15): core\App::run()
#2 /Users/zxm/www/TH/public/index.php(16): require('/Users/zxm/www/...')
#3 {main}
  thrown in /Users/zxm/www/TH/th/core/App.php on line 47
[30-Jul-2019 11:21:57 Europe/Berlin] PHP Notice:  Undefined index: PATH_INFO in /Users/zxm/www/TH/th/core/Router.php on line 125
[30-Jul-2019 11:22:25 Europe/Berlin] PHP Notice:  Undefined index: PATH_INFO in /Users/zxm/www/TH/th/core/Router.php on line 123
[30-Jul-2019 11:22:43 Europe/Berlin] PHP Notice:  Undefined index: PATH_INFO in /Users/zxm/www/TH/th/core/Router.php on line 122
[30-Jul-2019 15:52:22 Europe/Berlin] PHP Notice:  Only variables should be passed by reference in /Users/zxm/www/TH/th/core/Router.php on line 47
[30-Jul-2019 15:52:22 Europe/Berlin] PHP Warning:  Invalid argument supplied for foreach() in /Users/zxm/www/TH/th/core/Router.php on line 48
[30-Jul-2019 15:52:57 Europe/Berlin] PHP Notice:  Only variables should be passed by reference in /Users/zxm/www/TH/th/core/Router.php on line 47
[30-Jul-2019 15:53:12 Europe/Berlin] PHP Notice:  Only variables should be passed by reference in /Users/zxm/www/TH/th/core/Router.php on line 47
