[31-Jul-2019 05:08:44 Europe/Berlin] PHP Notice:  Undefined variable: fileContent in /Users/zxm/www/TH/th/core/View.php on line 88
[31-Jul-2019 05:11:45 Europe/Berlin] PHP Warning:  preg_match_all(): Compilation failed: unmatched parentheses at offset 7 in /Users/zxm/www/TH/th/core/View.php on line 98
[31-Jul-2019 05:11:45 Europe/Berlin] PHP Warning:  array_filter() expects parameter 1 to be array, null given in /Users/zxm/www/TH/th/core/View.php on line 99
[31-Jul-2019 05:25:24 Europe/Berlin] PHP Notice:  Undefined offset: 1 in /Users/zxm/www/TH/th/core/View.php on line 118
[31-Jul-2019 05:25:24 Europe/Berlin] PHP Warning:  Invalid argument supplied for foreach() in /Users/zxm/www/TH/th/core/View.php on line 119
[31-Jul-2019 05:25:24 Europe/Berlin] PHP Notice:  Undefined offset: 1 in /Users/zxm/www/TH/th/core/View.php on line 118
[31-Jul-2019 05:25:24 Europe/Berlin] PHP Warning:  Invalid argument supplied for foreach() in /Users/zxm/www/TH/th/core/View.php on line 119
[31-Jul-2019 05:41:37 Europe/Berlin] PHP Notice:  Array to string conversion in /Users/zxm/www/TH/th/core/View.php on line 102
[31-Jul-2019 05:49:29 Europe/Berlin] PHP Notice:  Array to string conversion in /Users/zxm/www/TH/th/core/View.php on line 99
[31-Jul-2019 05:54:41 Europe/Berlin] PHP Warning:  Illegal offset type in /Users/zxm/www/TH/th/core/View.php on line 103
[31-Jul-2019 08:13:55 Europe/Berlin] PHP Fatal error:  Uncaught Error: Call to undefined method core\View::strReplaceMatch() in /Users/zxm/www/TH/th/core/View.php:123
Stack trace:
#0 /Users/zxm/www/TH/th/core/View.php(92): core\View->patternIf()
#1 /Users/zxm/www/TH/th/core/Controller.php(64): core\View->display('index/view/Inde...')
#2 /Users/zxm/www/TH/application/index/controller/Index.php(26): core\Controller->display()
#3 /Users/zxm/www/TH/th/core/App.php(54): app\index\controller\Index->index()
#4 /Users/zxm/www/TH/th/core/App.php(28): core\App::dispatch(Array)
#5 /Users/zxm/www/TH/th/start.php(15): core\App::run()
#6 /Users/zxm/www/TH/public/index.php(16): require('/Users/zxm/www/...')
#7 {main}
  thrown in /Users/zxm/www/TH/th/core/View.php on line 123
[31-Jul-2019 10:08:10 Europe/Berlin] PHP Warning:  file_put_contents(/Users/zxm/www/TH/public/../runtime/cache/index/index/index.html): failed to open stream: No such file or directory in /Users/zxm/www/TH/th/core/View.php on line 99
[31-Jul-2019 10:08:59 Europe/Berlin] PHP Warning:  file_put_contents(/Users/zxm/www/TH/public/../runtime/cache/index/index/index.html): failed to open stream: No such file or directory in /Users/zxm/www/TH/th/core/View.php on line 99
[31-Jul-2019 16:01:23 Europe/Berlin] PHP Parse error:  syntax error, unexpected 'echo' (T_ECHO), expecting ',' or ')' in /Users/zxm/www/TH/th/core/View.php on line 129
[31-Jul-2019 16:07:32 Europe/Berlin] PHP Parse error:  syntax error, unexpected end of file in /Users/zxm/www/TH/runtime/cache/index/index/index.php on line 60
[31-Jul-2019 16:08:07 Europe/Berlin] PHP Warning:  Invalid argument supplied for foreach() in /Users/zxm/www/TH/runtime/cache/index/index/index.php on line 53
[31-Jul-2019 16:48:09 Europe/Berlin] PHP Notice:  Undefined index: string1 in /Users/zxm/www/TH/runtime/cache/index/index/index.php on line 42
[31-Jul-2019 16:48:09 Europe/Berlin] PHP Notice:  Undefined index: string2 in /Users/zxm/www/TH/runtime/cache/index/index/index.php on line 44
[31-Jul-2019 16:48:09 Europe/Berlin] PHP Notice:  Undefined index: bool in /Users/zxm/www/TH/runtime/cache/index/index/index.php on line 47
[31-Jul-2019 16:48:09 Europe/Berlin] PHP Notice:  Undefined index: array in /Users/zxm/www/TH/runtime/cache/index/index/index.php on line 53
[31-Jul-2019 16:48:09 Europe/Berlin] PHP Warning:  Invalid argument supplied for foreach() in /Users/zxm/www/TH/runtime/cache/index/index/index.php on line 53
[31-Jul-2019 16:55:22 Europe/Berlin] PHP Notice:  Undefined index: string1 in /Users/zxm/www/TH/runtime/cache/index/index/index.php on line 42
[31-Jul-2019 16:55:22 Europe/Berlin] PHP Notice:  Undefined index: string2 in /Users/zxm/www/TH/runtime/cache/index/index/index.php on line 44
[31-Jul-2019 16:55:22 Europe/Berlin] PHP Notice:  Undefined index: bool in /Users/zxm/www/TH/runtime/cache/index/index/index.php on line 47
[31-Jul-2019 16:55:22 Europe/Berlin] PHP Notice:  Undefined index: array in /Users/zxm/www/TH/runtime/cache/index/index/index.php on line 53
[31-Jul-2019 16:55:22 Europe/Berlin] PHP Warning:  Invalid argument supplied for foreach() in /Users/zxm/www/TH/runtime/cache/index/index/index.php on line 53
[31-Jul-2019 16:55:44 Europe/Berlin] PHP Notice:  Undefined index: string1 in /Users/zxm/www/TH/runtime/cache/index/index/index.php on line 42
[31-Jul-2019 16:55:44 Europe/Berlin] PHP Notice:  Undefined index: string2 in /Users/zxm/www/TH/runtime/cache/index/index/index.php on line 44
[31-Jul-2019 16:55:44 Europe/Berlin] PHP Notice:  Undefined index: bool in /Users/zxm/www/TH/runtime/cache/index/index/index.php on line 47
[31-Jul-2019 16:55:44 Europe/Berlin] PHP Notice:  Undefined index: array in /Users/zxm/www/TH/runtime/cache/index/index/index.php on line 53
[31-Jul-2019 16:55:44 Europe/Berlin] PHP Warning:  Invalid argument supplied for foreach() in /Users/zxm/www/TH/runtime/cache/index/index/index.php on line 53
[31-Jul-2019 16:55:45 Europe/Berlin] PHP Notice:  Undefined index: string1 in /Users/zxm/www/TH/runtime/cache/index/index/index.php on line 42
[31-Jul-2019 16:55:45 Europe/Berlin] PHP Notice:  Undefined index: string2 in /Users/zxm/www/TH/runtime/cache/index/index/index.php on line 44
[31-Jul-2019 16:55:45 Europe/Berlin] PHP Notice:  Undefined index: bool in /Users/zxm/www/TH/runtime/cache/index/index/index.php on line 47
[31-Jul-2019 16:55:45 Europe/Berlin] PHP Notice:  Undefined index: array in /Users/zxm/www/TH/runtime/cache/index/index/index.php on line 53
[31-Jul-2019 16:55:45 Europe/Berlin] PHP Warning:  Invalid argument supplied for foreach() in /Users/zxm/www/TH/runtime/cache/index/index/index.php on line 53
[31-Jul-2019 16:55:46 Europe/Berlin] PHP Notice:  Undefined index: string1 in /Users/zxm/www/TH/runtime/cache/index/index/index.php on line 42
[31-Jul-2019 16:55:46 Europe/Berlin] PHP Notice:  Undefined index: string2 in /Users/zxm/www/TH/runtime/cache/index/index/index.php on line 44
[31-Jul-2019 16:55:46 Europe/Berlin] PHP Notice:  Undefined index: bool in /Users/zxm/www/TH/runtime/cache/index/index/index.php on line 47
[31-Jul-2019 16:55:46 Europe/Berlin] PHP Notice:  Undefined index: array in /Users/zxm/www/TH/runtime/cache/index/index/index.php on line 53
[31-Jul-2019 16:55:46 Europe/Berlin] PHP Warning:  Invalid argument supplied for foreach() in /Users/zxm/www/TH/runtime/cache/index/index/index.php on line 53
[31-Jul-2019 16:55:46 Europe/Berlin] PHP Notice:  Undefined index: string1 in /Users/zxm/www/TH/runtime/cache/index/index/index.php on line 42
[31-Jul-2019 16:55:46 Europe/Berlin] PHP Notice:  Undefined index: string2 in /Users/zxm/www/TH/runtime/cache/index/index/index.php on line 44
[31-Jul-2019 16:55:46 Europe/Berlin] PHP Notice:  Undefined index: bool in /Users/zxm/www/TH/runtime/cache/index/index/index.php on line 47
[31-Jul-2019 16:55:46 Europe/Berlin] PHP Notice:  Undefined index: array in /Users/zxm/www/TH/runtime/cache/index/index/index.php on line 53
[31-Jul-2019 16:55:46 Europe/Berlin] PHP Warning:  Invalid argument supplied for foreach() in /Users/zxm/www/TH/runtime/cache/index/index/index.php on line 53
[31-Jul-2019 16:55:46 Europe/Berlin] PHP Notice:  Undefined index: string1 in /Users/zxm/www/TH/runtime/cache/index/index/index.php on line 42
[31-Jul-2019 16:55:46 Europe/Berlin] PHP Notice:  Undefined index: string2 in /Users/zxm/www/TH/runtime/cache/index/index/index.php on line 44
[31-Jul-2019 16:55:46 Europe/Berlin] PHP Notice:  Undefined index: bool in /Users/zxm/www/TH/runtime/cache/index/index/index.php on line 47
[31-Jul-2019 16:55:46 Europe/Berlin] PHP Notice:  Undefined index: array in /Users/zxm/www/TH/runtime/cache/index/index/index.php on line 53
[31-Jul-2019 16:55:46 Europe/Berlin] PHP Warning:  Invalid argument supplied for foreach() in /Users/zxm/www/TH/runtime/cache/index/index/index.php on line 53
